C:\Users\revan\Downloads\AngularDQapp\AngularDQapp\AngularDQapp\src\app\app.component.js
C:\Users\revan\Downloads\AngularDQapp\AngularDQapp\AngularDQapp\src\app\app.component.js.map
C:\Users\revan\Downloads\AngularDQapp\AngularDQapp\AngularDQapp\src\app\homepage\homepage.component.js
C:\Users\revan\Downloads\AngularDQapp\AngularDQapp\AngularDQapp\src\app\homepage\homepage.component.js.map
C:\Users\revan\Downloads\AngularDQapp\AngularDQapp\AngularDQapp\src\app\checkifc\ifc.js
C:\Users\revan\Downloads\AngularDQapp\AngularDQapp\AngularDQapp\src\app\checkifc\ifc.js.map
C:\Users\revan\Downloads\AngularDQapp\AngularDQapp\AngularDQapp\src\app\checkifc\bimifc.service.js
C:\Users\revan\Downloads\AngularDQapp\AngularDQapp\AngularDQapp\src\app\checkifc\bimifc.service.js.map
C:\Users\revan\Downloads\AngularDQapp\AngularDQapp\AngularDQapp\src\app\checkifc\checkifc.component.js
C:\Users\revan\Downloads\AngularDQapp\AngularDQapp\AngularDQapp\src\app\checkifc\checkifc.component.js.map
C:\Users\revan\Downloads\AngularDQapp\AngularDQapp\AngularDQapp\src\app\checkmaterial\material.js
C:\Users\revan\Downloads\AngularDQapp\AngularDQapp\AngularDQapp\src\app\checkmaterial\material.js.map
C:\Users\revan\Downloads\AngularDQapp\AngularDQapp\AngularDQapp\src\app\checkmaterial\bim.service.js
C:\Users\revan\Downloads\AngularDQapp\AngularDQapp\AngularDQapp\src\app\checkmaterial\bim.service.js.map
C:\Users\revan\Downloads\AngularDQapp\AngularDQapp\AngularDQapp\src\app\checkmaterial\checkmaterial.component.js
C:\Users\revan\Downloads\AngularDQapp\AngularDQapp\AngularDQapp\src\app\checkmaterial\checkmaterial.component.js.map
C:\Users\revan\Downloads\AngularDQapp\AngularDQapp\AngularDQapp\src\app\checkcosts\costs.js
C:\Users\revan\Downloads\AngularDQapp\AngularDQapp\AngularDQapp\src\app\checkcosts\costs.js.map
C:\Users\revan\Downloads\AngularDQapp\AngularDQapp\AngularDQapp\src\app\checkcosts\bimcosts.service.js
C:\Users\revan\Downloads\AngularDQapp\AngularDQapp\AngularDQapp\src\app\checkcosts\bimcosts.service.js.map
C:\Users\revan\Downloads\AngularDQapp\AngularDQapp\AngularDQapp\src\app\checkcosts\checkcosts.component.js
C:\Users\revan\Downloads\AngularDQapp\AngularDQapp\AngularDQapp\src\app\checkcosts\checkcosts.component.js.map
C:\Users\revan\Downloads\AngularDQapp\AngularDQapp\AngularDQapp\src\app\ifcdataquality\ifc.js
C:\Users\revan\Downloads\AngularDQapp\AngularDQapp\AngularDQapp\src\app\ifcdataquality\ifc.js.map
C:\Users\revan\Downloads\AngularDQapp\AngularDQapp\AngularDQapp\src\app\ifcdataquality\bimifc.service.js
C:\Users\revan\Downloads\AngularDQapp\AngularDQapp\AngularDQapp\src\app\ifcdataquality\bimifc.service.js.map
C:\Users\revan\Downloads\AngularDQapp\AngularDQapp\AngularDQapp\src\app\ifcdataquality\ifccomplete.component.js
C:\Users\revan\Downloads\AngularDQapp\AngularDQapp\AngularDQapp\src\app\ifcdataquality\ifccomplete.component.js.map
C:\Users\revan\Downloads\AngularDQapp\AngularDQapp\AngularDQapp\src\app\ifcdataquality\ifcincomplete.component.js
C:\Users\revan\Downloads\AngularDQapp\AngularDQapp\AngularDQapp\src\app\ifcdataquality\ifcincomplete.component.js.map
C:\Users\revan\Downloads\AngularDQapp\AngularDQapp\AngularDQapp\src\app\ifcdataquality\ifcvalid.component.js
C:\Users\revan\Downloads\AngularDQapp\AngularDQapp\AngularDQapp\src\app\ifcdataquality\ifcvalid.component.js.map
C:\Users\revan\Downloads\AngularDQapp\AngularDQapp\AngularDQapp\src\app\ifcdataquality\Ifcinvalid.Component.js
C:\Users\revan\Downloads\AngularDQapp\AngularDQapp\AngularDQapp\src\app\ifcdataquality\Ifcinvalid.Component.js.map
C:\Users\revan\Downloads\AngularDQapp\AngularDQapp\AngularDQapp\src\app\ifcdataquality\ifcappropriate.component.js
C:\Users\revan\Downloads\AngularDQapp\AngularDQapp\AngularDQapp\src\app\ifcdataquality\ifcappropriate.component.js.map
C:\Users\revan\Downloads\AngularDQapp\AngularDQapp\AngularDQapp\src\app\ifcdataquality\ifcinappropriate.component.js
C:\Users\revan\Downloads\AngularDQapp\AngularDQapp\AngularDQapp\src\app\ifcdataquality\ifcinappropriate.component.js.map
C:\Users\revan\Downloads\AngularDQapp\AngularDQapp\AngularDQapp\src\app\materialdataquality\material.js
C:\Users\revan\Downloads\AngularDQapp\AngularDQapp\AngularDQapp\src\app\materialdataquality\material.js.map
C:\Users\revan\Downloads\AngularDQapp\AngularDQapp\AngularDQapp\src\app\materialdataquality\bimmaterial.service.js
C:\Users\revan\Downloads\AngularDQapp\AngularDQapp\AngularDQapp\src\app\materialdataquality\bimmaterial.service.js.map
C:\Users\revan\Downloads\AngularDQapp\AngularDQapp\AngularDQapp\src\app\materialdataquality\materialcomplete.component.js
C:\Users\revan\Downloads\AngularDQapp\AngularDQapp\AngularDQapp\src\app\materialdataquality\materialcomplete.component.js.map
C:\Users\revan\Downloads\AngularDQapp\AngularDQapp\AngularDQapp\src\app\materialdataquality\MaterialIncomplete.component.js
C:\Users\revan\Downloads\AngularDQapp\AngularDQapp\AngularDQapp\src\app\materialdataquality\MaterialIncomplete.component.js.map
C:\Users\revan\Downloads\AngularDQapp\AngularDQapp\AngularDQapp\src\app\materialdataquality\materialvalid.component.js
C:\Users\revan\Downloads\AngularDQapp\AngularDQapp\AngularDQapp\src\app\materialdataquality\materialvalid.component.js.map
C:\Users\revan\Downloads\AngularDQapp\AngularDQapp\AngularDQapp\src\app\materialdataquality\materialInvalid.component.js
C:\Users\revan\Downloads\AngularDQapp\AngularDQapp\AngularDQapp\src\app\materialdataquality\materialInvalid.component.js.map
C:\Users\revan\Downloads\AngularDQapp\AngularDQapp\AngularDQapp\src\app\materialdataquality\materialappropriate.component.js
C:\Users\revan\Downloads\AngularDQapp\AngularDQapp\AngularDQapp\src\app\materialdataquality\materialappropriate.component.js.map
C:\Users\revan\Downloads\AngularDQapp\AngularDQapp\AngularDQapp\src\app\materialdataquality\materialinappropriate.component.js
C:\Users\revan\Downloads\AngularDQapp\AngularDQapp\AngularDQapp\src\app\materialdataquality\materialinappropriate.component.js.map
C:\Users\revan\Downloads\AngularDQapp\AngularDQapp\AngularDQapp\src\app\costsdataquality\costs.js
C:\Users\revan\Downloads\AngularDQapp\AngularDQapp\AngularDQapp\src\app\costsdataquality\costs.js.map
C:\Users\revan\Downloads\AngularDQapp\AngularDQapp\AngularDQapp\src\app\costsdataquality\bimcosts.service.js
C:\Users\revan\Downloads\AngularDQapp\AngularDQapp\AngularDQapp\src\app\costsdataquality\bimcosts.service.js.map
C:\Users\revan\Downloads\AngularDQapp\AngularDQapp\AngularDQapp\src\app\costsdataquality\costscomplete.component.js
C:\Users\revan\Downloads\AngularDQapp\AngularDQapp\AngularDQapp\src\app\costsdataquality\costscomplete.component.js.map
C:\Users\revan\Downloads\AngularDQapp\AngularDQapp\AngularDQapp\src\app\costsdataquality\costsincomplete.component.js
C:\Users\revan\Downloads\AngularDQapp\AngularDQapp\AngularDQapp\src\app\costsdataquality\costsincomplete.component.js.map
C:\Users\revan\Downloads\AngularDQapp\AngularDQapp\AngularDQapp\src\app\costsdataquality\costsvalid.component.js
C:\Users\revan\Downloads\AngularDQapp\AngularDQapp\AngularDQapp\src\app\costsdataquality\costsvalid.component.js.map
C:\Users\revan\Downloads\AngularDQapp\AngularDQapp\AngularDQapp\src\app\costsdataquality\costsinvalid.component.js
C:\Users\revan\Downloads\AngularDQapp\AngularDQapp\AngularDQapp\src\app\costsdataquality\costsinvalid.component.js.map
C:\Users\revan\Downloads\AngularDQapp\AngularDQapp\AngularDQapp\src\app\costsdataquality\costsappropriate.component.js
C:\Users\revan\Downloads\AngularDQapp\AngularDQapp\AngularDQapp\src\app\costsdataquality\costsappropriate.component.js.map
C:\Users\revan\Downloads\AngularDQapp\AngularDQapp\AngularDQapp\src\app\costsdataquality\costsinappropriate.component.js
C:\Users\revan\Downloads\AngularDQapp\AngularDQapp\AngularDQapp\src\app\costsdataquality\costsinappropriate.component.js.map
C:\Users\revan\Downloads\AngularDQapp\AngularDQapp\AngularDQapp\src\app\app.routes.js
C:\Users\revan\Downloads\AngularDQapp\AngularDQapp\AngularDQapp\src\app\app.routes.js.map
C:\Users\revan\Downloads\AngularDQapp\AngularDQapp\AngularDQapp\src\app\ifcobjectType.component.js
C:\Users\revan\Downloads\AngularDQapp\AngularDQapp\AngularDQapp\src\app\ifcobjectType.component.js.map
C:\Users\revan\Downloads\AngularDQapp\AngularDQapp\AngularDQapp\src\app\ifcdataquality\dqifccheck.component.js
C:\Users\revan\Downloads\AngularDQapp\AngularDQapp\AngularDQapp\src\app\ifcdataquality\dqifccheck.component.js.map
C:\Users\revan\Downloads\AngularDQapp\AngularDQapp\AngularDQapp\src\app\dqobjectType.component.js
C:\Users\revan\Downloads\AngularDQapp\AngularDQapp\AngularDQapp\src\app\dqobjectType.component.js.map
C:\Users\revan\Downloads\AngularDQapp\AngularDQapp\AngularDQapp\src\app\materialdataquality\dqcheckmaterial.component.js
C:\Users\revan\Downloads\AngularDQapp\AngularDQapp\AngularDQapp\src\app\materialdataquality\dqcheckmaterial.component.js.map
C:\Users\revan\Downloads\AngularDQapp\AngularDQapp\AngularDQapp\src\app\costsdataquality\dqcheckcost.component.js
C:\Users\revan\Downloads\AngularDQapp\AngularDQapp\AngularDQapp\src\app\costsdataquality\dqcheckcost.component.js.map
C:\Users\revan\Downloads\AngularDQapp\AngularDQapp\AngularDQapp\src\app\app.module.js
C:\Users\revan\Downloads\AngularDQapp\AngularDQapp\AngularDQapp\src\app\app.module.js.map
C:\Users\revan\Downloads\AngularDQapp\AngularDQapp\AngularDQapp\src\main.js
C:\Users\revan\Downloads\AngularDQapp\AngularDQapp\AngularDQapp\src\main.js.map
C:\Users\revan\Downloads\AngularDQapp\AngularDQapp\AngularDQapp\src\app\app.component.spec.js
C:\Users\revan\Downloads\AngularDQapp\AngularDQapp\AngularDQapp\src\app\app.component.spec.js.map
C:\Users\revan\Downloads\AngularDQapp\AngularDQapp\AngularDQapp\src\app\app.component.js
C:\Users\revan\Downloads\AngularDQapp\AngularDQapp\AngularDQapp\src\app\app.component.js.map
C:\Users\revan\Downloads\AngularDQapp\AngularDQapp\AngularDQapp\src\app\homepage\homepage.component.js
C:\Users\revan\Downloads\AngularDQapp\AngularDQapp\AngularDQapp\src\app\homepage\homepage.component.js.map
C:\Users\revan\Downloads\AngularDQapp\AngularDQapp\AngularDQapp\src\app\checkifc\ifc.js
C:\Users\revan\Downloads\AngularDQapp\AngularDQapp\AngularDQapp\src\app\checkifc\ifc.js.map
C:\Users\revan\Downloads\AngularDQapp\AngularDQapp\AngularDQapp\src\app\checkifc\bimifc.service.js
C:\Users\revan\Downloads\AngularDQapp\AngularDQapp\AngularDQapp\src\app\checkifc\bimifc.service.js.map
C:\Users\revan\Downloads\AngularDQapp\AngularDQapp\AngularDQapp\src\app\checkifc\checkifc.component.js
C:\Users\revan\Downloads\AngularDQapp\AngularDQapp\AngularDQapp\src\app\checkifc\checkifc.component.js.map
C:\Users\revan\Downloads\AngularDQapp\AngularDQapp\AngularDQapp\src\app\checkmaterial\material.js
C:\Users\revan\Downloads\AngularDQapp\AngularDQapp\AngularDQapp\src\app\checkmaterial\material.js.map
C:\Users\revan\Downloads\AngularDQapp\AngularDQapp\AngularDQapp\src\app\checkmaterial\bim.service.js
C:\Users\revan\Downloads\AngularDQapp\AngularDQapp\AngularDQapp\src\app\checkmaterial\bim.service.js.map
C:\Users\revan\Downloads\AngularDQapp\AngularDQapp\AngularDQapp\src\app\checkmaterial\checkmaterial.component.js
C:\Users\revan\Downloads\AngularDQapp\AngularDQapp\AngularDQapp\src\app\checkmaterial\checkmaterial.component.js.map
C:\Users\revan\Downloads\AngularDQapp\AngularDQapp\AngularDQapp\src\app\checkcosts\costs.js
C:\Users\revan\Downloads\AngularDQapp\AngularDQapp\AngularDQapp\src\app\checkcosts\costs.js.map
C:\Users\revan\Downloads\AngularDQapp\AngularDQapp\AngularDQapp\src\app\checkcosts\bimcosts.service.js
C:\Users\revan\Downloads\AngularDQapp\AngularDQapp\AngularDQapp\src\app\checkcosts\bimcosts.service.js.map
C:\Users\revan\Downloads\AngularDQapp\AngularDQapp\AngularDQapp\src\app\checkcosts\checkcosts.component.js
C:\Users\revan\Downloads\AngularDQapp\AngularDQapp\AngularDQapp\src\app\checkcosts\checkcosts.component.js.map
C:\Users\revan\Downloads\AngularDQapp\AngularDQapp\AngularDQapp\src\app\ifcdataquality\ifc.js
C:\Users\revan\Downloads\AngularDQapp\AngularDQapp\AngularDQapp\src\app\ifcdataquality\ifc.js.map
C:\Users\revan\Downloads\AngularDQapp\AngularDQapp\AngularDQapp\src\app\ifcdataquality\bimifc.service.js
C:\Users\revan\Downloads\AngularDQapp\AngularDQapp\AngularDQapp\src\app\ifcdataquality\bimifc.service.js.map
C:\Users\revan\Downloads\AngularDQapp\AngularDQapp\AngularDQapp\src\app\ifcdataquality\ifccomplete.component.js
C:\Users\revan\Downloads\AngularDQapp\AngularDQapp\AngularDQapp\src\app\ifcdataquality\ifccomplete.component.js.map
C:\Users\revan\Downloads\AngularDQapp\AngularDQapp\AngularDQapp\src\app\ifcdataquality\ifcincomplete.component.js
C:\Users\revan\Downloads\AngularDQapp\AngularDQapp\AngularDQapp\src\app\ifcdataquality\ifcincomplete.component.js.map
C:\Users\revan\Downloads\AngularDQapp\AngularDQapp\AngularDQapp\src\app\ifcdataquality\ifcvalid.component.js
C:\Users\revan\Downloads\AngularDQapp\AngularDQapp\AngularDQapp\src\app\ifcdataquality\ifcvalid.component.js.map
C:\Users\revan\Downloads\AngularDQapp\AngularDQapp\AngularDQapp\src\app\ifcdataquality\Ifcinvalid.Component.js
C:\Users\revan\Downloads\AngularDQapp\AngularDQapp\AngularDQapp\src\app\ifcdataquality\Ifcinvalid.Component.js.map
C:\Users\revan\Downloads\AngularDQapp\AngularDQapp\AngularDQapp\src\app\ifcdataquality\ifcappropriate.component.js
C:\Users\revan\Downloads\AngularDQapp\AngularDQapp\AngularDQapp\src\app\ifcdataquality\ifcappropriate.component.js.map
C:\Users\revan\Downloads\AngularDQapp\AngularDQapp\AngularDQapp\src\app\ifcdataquality\ifcinappropriate.component.js
C:\Users\revan\Downloads\AngularDQapp\AngularDQapp\AngularDQapp\src\app\ifcdataquality\ifcinappropriate.component.js.map
C:\Users\revan\Downloads\AngularDQapp\AngularDQapp\AngularDQapp\src\app\materialdataquality\material.js
C:\Users\revan\Downloads\AngularDQapp\AngularDQapp\AngularDQapp\src\app\materialdataquality\material.js.map
C:\Users\revan\Downloads\AngularDQapp\AngularDQapp\AngularDQapp\src\app\materialdataquality\bimmaterial.service.js
C:\Users\revan\Downloads\AngularDQapp\AngularDQapp\AngularDQapp\src\app\materialdataquality\bimmaterial.service.js.map
C:\Users\revan\Downloads\AngularDQapp\AngularDQapp\AngularDQapp\src\app\materialdataquality\materialcomplete.component.js
C:\Users\revan\Downloads\AngularDQapp\AngularDQapp\AngularDQapp\src\app\materialdataquality\materialcomplete.component.js.map
C:\Users\revan\Downloads\AngularDQapp\AngularDQapp\AngularDQapp\src\app\materialdataquality\MaterialIncomplete.component.js
C:\Users\revan\Downloads\AngularDQapp\AngularDQapp\AngularDQapp\src\app\materialdataquality\MaterialIncomplete.component.js.map
C:\Users\revan\Downloads\AngularDQapp\AngularDQapp\AngularDQapp\src\app\materialdataquality\materialvalid.component.js
C:\Users\revan\Downloads\AngularDQapp\AngularDQapp\AngularDQapp\src\app\materialdataquality\materialvalid.component.js.map
C:\Users\revan\Downloads\AngularDQapp\AngularDQapp\AngularDQapp\src\app\materialdataquality\materialInvalid.component.js
C:\Users\revan\Downloads\AngularDQapp\AngularDQapp\AngularDQapp\src\app\materialdataquality\materialInvalid.component.js.map
C:\Users\revan\Downloads\AngularDQapp\AngularDQapp\AngularDQapp\src\app\materialdataquality\materialappropriate.component.js
C:\Users\revan\Downloads\AngularDQapp\AngularDQapp\AngularDQapp\src\app\materialdataquality\materialappropriate.component.js.map
C:\Users\revan\Downloads\AngularDQapp\AngularDQapp\AngularDQapp\src\app\materialdataquality\materialinappropriate.component.js
C:\Users\revan\Downloads\AngularDQapp\AngularDQapp\AngularDQapp\src\app\materialdataquality\materialinappropriate.component.js.map
C:\Users\revan\Downloads\AngularDQapp\AngularDQapp\AngularDQapp\src\app\costsdataquality\costs.js
C:\Users\revan\Downloads\AngularDQapp\AngularDQapp\AngularDQapp\src\app\costsdataquality\costs.js.map
C:\Users\revan\Downloads\AngularDQapp\AngularDQapp\AngularDQapp\src\app\costsdataquality\bimcosts.service.js
C:\Users\revan\Downloads\AngularDQapp\AngularDQapp\AngularDQapp\src\app\costsdataquality\bimcosts.service.js.map
C:\Users\revan\Downloads\AngularDQapp\AngularDQapp\AngularDQapp\src\app\costsdataquality\costscomplete.component.js
C:\Users\revan\Downloads\AngularDQapp\AngularDQapp\AngularDQapp\src\app\costsdataquality\costscomplete.component.js.map
C:\Users\revan\Downloads\AngularDQapp\AngularDQapp\AngularDQapp\src\app\costsdataquality\costsincomplete.component.js
C:\Users\revan\Downloads\AngularDQapp\AngularDQapp\AngularDQapp\src\app\costsdataquality\costsincomplete.component.js.map
C:\Users\revan\Downloads\AngularDQapp\AngularDQapp\AngularDQapp\src\app\costsdataquality\costsvalid.component.js
C:\Users\revan\Downloads\AngularDQapp\AngularDQapp\AngularDQapp\src\app\costsdataquality\costsvalid.component.js.map
C:\Users\revan\Downloads\AngularDQapp\AngularDQapp\AngularDQapp\src\app\costsdataquality\costsinvalid.component.js
C:\Users\revan\Downloads\AngularDQapp\AngularDQapp\AngularDQapp\src\app\costsdataquality\costsinvalid.component.js.map
C:\Users\revan\Downloads\AngularDQapp\AngularDQapp\AngularDQapp\src\app\costsdataquality\costsappropriate.component.js
C:\Users\revan\Downloads\AngularDQapp\AngularDQapp\AngularDQapp\src\app\costsdataquality\costsappropriate.component.js.map
C:\Users\revan\Downloads\AngularDQapp\AngularDQapp\AngularDQapp\src\app\costsdataquality\costsinappropriate.component.js
C:\Users\revan\Downloads\AngularDQapp\AngularDQapp\AngularDQapp\src\app\costsdataquality\costsinappropriate.component.js.map
C:\Users\revan\Downloads\AngularDQapp\AngularDQapp\AngularDQapp\src\app\app.routes.js
C:\Users\revan\Downloads\AngularDQapp\AngularDQapp\AngularDQapp\src\app\app.routes.js.map
C:\Users\revan\Downloads\AngularDQapp\AngularDQapp\AngularDQapp\src\app\ifcobjectType.component.js
C:\Users\revan\Downloads\AngularDQapp\AngularDQapp\AngularDQapp\src\app\ifcobjectType.component.js.map
C:\Users\revan\Downloads\AngularDQapp\AngularDQapp\AngularDQapp\src\app\ifcdataquality\dqifccheck.component.js
C:\Users\revan\Downloads\AngularDQapp\AngularDQapp\AngularDQapp\src\app\ifcdataquality\dqifccheck.component.js.map
C:\Users\revan\Downloads\AngularDQapp\AngularDQapp\AngularDQapp\src\app\dqobjectType.component.js
C:\Users\revan\Downloads\AngularDQapp\AngularDQapp\AngularDQapp\src\app\dqobjectType.component.js.map
C:\Users\revan\Downloads\AngularDQapp\AngularDQapp\AngularDQapp\src\app\materialdataquality\dqcheckmaterial.component.js
C:\Users\revan\Downloads\AngularDQapp\AngularDQapp\AngularDQapp\src\app\materialdataquality\dqcheckmaterial.component.js.map
C:\Users\revan\Downloads\AngularDQapp\AngularDQapp\AngularDQapp\src\app\costsdataquality\dqcheckcost.component.js
C:\Users\revan\Downloads\AngularDQapp\AngularDQapp\AngularDQapp\src\app\costsdataquality\dqcheckcost.component.js.map
C:\Users\revan\Downloads\AngularDQapp\AngularDQapp\AngularDQapp\src\app\app.module.js
C:\Users\revan\Downloads\AngularDQapp\AngularDQapp\AngularDQapp\src\app\app.module.js.map
C:\Users\revan\Downloads\AngularDQapp\AngularDQapp\AngularDQapp\src\main.js
C:\Users\revan\Downloads\AngularDQapp\AngularDQapp\AngularDQapp\src\main.js.map
C:\Users\revan\Downloads\AngularDQapp\AngularDQapp\AngularDQapp\src\app\app.component.spec.js
C:\Users\revan\Downloads\AngularDQapp\AngularDQapp\AngularDQapp\src\app\app.component.spec.js.map
C:\Users\revan\Downloads\AngularDQapp\AngularDQapp\AngularDQapp\src\app\app.component.js
C:\Users\revan\Downloads\AngularDQapp\AngularDQapp\AngularDQapp\src\app\app.component.js.map
C:\Users\revan\Downloads\AngularDQapp\AngularDQapp\AngularDQapp\src\app\homepage\homepage.component.js
C:\Users\revan\Downloads\AngularDQapp\AngularDQapp\AngularDQapp\src\app\homepage\homepage.component.js.map
C:\Users\revan\Downloads\AngularDQapp\AngularDQapp\AngularDQapp\src\app\checkifc\ifc.js
C:\Users\revan\Downloads\AngularDQapp\AngularDQapp\AngularDQapp\src\app\checkifc\ifc.js.map
C:\Users\revan\Downloads\AngularDQapp\AngularDQapp\AngularDQapp\src\app\checkifc\bimifc.service.js
C:\Users\revan\Downloads\AngularDQapp\AngularDQapp\AngularDQapp\src\app\checkifc\bimifc.service.js.map
C:\Users\revan\Downloads\AngularDQapp\AngularDQapp\AngularDQapp\src\app\checkifc\checkifc.component.js
C:\Users\revan\Downloads\AngularDQapp\AngularDQapp\AngularDQapp\src\app\checkifc\checkifc.component.js.map
C:\Users\revan\Downloads\AngularDQapp\AngularDQapp\AngularDQapp\src\app\checkmaterial\material.js
C:\Users\revan\Downloads\AngularDQapp\AngularDQapp\AngularDQapp\src\app\checkmaterial\material.js.map
C:\Users\revan\Downloads\AngularDQapp\AngularDQapp\AngularDQapp\src\app\checkmaterial\bim.service.js
C:\Users\revan\Downloads\AngularDQapp\AngularDQapp\AngularDQapp\src\app\checkmaterial\bim.service.js.map
C:\Users\revan\Downloads\AngularDQapp\AngularDQapp\AngularDQapp\src\app\checkmaterial\checkmaterial.component.js
C:\Users\revan\Downloads\AngularDQapp\AngularDQapp\AngularDQapp\src\app\checkmaterial\checkmaterial.component.js.map
C:\Users\revan\Downloads\AngularDQapp\AngularDQapp\AngularDQapp\src\app\checkcosts\costs.js
C:\Users\revan\Downloads\AngularDQapp\AngularDQapp\AngularDQapp\src\app\checkcosts\costs.js.map
C:\Users\revan\Downloads\AngularDQapp\AngularDQapp\AngularDQapp\src\app\checkcosts\bimcosts.service.js
C:\Users\revan\Downloads\AngularDQapp\AngularDQapp\AngularDQapp\src\app\checkcosts\bimcosts.service.js.map
C:\Users\revan\Downloads\AngularDQapp\AngularDQapp\AngularDQapp\src\app\checkcosts\checkcosts.component.js
C:\Users\revan\Downloads\AngularDQapp\AngularDQapp\AngularDQapp\src\app\checkcosts\checkcosts.component.js.map
C:\Users\revan\Downloads\AngularDQapp\AngularDQapp\AngularDQapp\src\app\ifcdataquality\ifc.js
C:\Users\revan\Downloads\AngularDQapp\AngularDQapp\AngularDQapp\src\app\ifcdataquality\ifc.js.map
C:\Users\revan\Downloads\AngularDQapp\AngularDQapp\AngularDQapp\src\app\ifcdataquality\bimifc.service.js
C:\Users\revan\Downloads\AngularDQapp\AngularDQapp\AngularDQapp\src\app\ifcdataquality\bimifc.service.js.map
C:\Users\revan\Downloads\AngularDQapp\AngularDQapp\AngularDQapp\src\app\ifcdataquality\ifccomplete.component.js
C:\Users\revan\Downloads\AngularDQapp\AngularDQapp\AngularDQapp\src\app\ifcdataquality\ifccomplete.component.js.map
C:\Users\revan\Downloads\AngularDQapp\AngularDQapp\AngularDQapp\src\app\ifcdataquality\ifcincomplete.component.js
C:\Users\revan\Downloads\AngularDQapp\AngularDQapp\AngularDQapp\src\app\ifcdataquality\ifcincomplete.component.js.map
C:\Users\revan\Downloads\AngularDQapp\AngularDQapp\AngularDQapp\src\app\ifcdataquality\ifcvalid.component.js
C:\Users\revan\Downloads\AngularDQapp\AngularDQapp\AngularDQapp\src\app\ifcdataquality\ifcvalid.component.js.map
C:\Users\revan\Downloads\AngularDQapp\AngularDQapp\AngularDQapp\src\app\ifcdataquality\Ifcinvalid.Component.js
C:\Users\revan\Downloads\AngularDQapp\AngularDQapp\AngularDQapp\src\app\ifcdataquality\Ifcinvalid.Component.js.map
C:\Users\revan\Downloads\AngularDQapp\AngularDQapp\AngularDQapp\src\app\ifcdataquality\ifcappropriate.component.js
C:\Users\revan\Downloads\AngularDQapp\AngularDQapp\AngularDQapp\src\app\ifcdataquality\ifcappropriate.component.js.map
C:\Users\revan\Downloads\AngularDQapp\AngularDQapp\AngularDQapp\src\app\ifcdataquality\ifcinappropriate.component.js
C:\Users\revan\Downloads\AngularDQapp\AngularDQapp\AngularDQapp\src\app\ifcdataquality\ifcinappropriate.component.js.map
C:\Users\revan\Downloads\AngularDQapp\AngularDQapp\AngularDQapp\src\app\materialdataquality\material.js
C:\Users\revan\Downloads\AngularDQapp\AngularDQapp\AngularDQapp\src\app\materialdataquality\material.js.map
C:\Users\revan\Downloads\AngularDQapp\AngularDQapp\AngularDQapp\src\app\materialdataquality\bimmaterial.service.js
C:\Users\revan\Downloads\AngularDQapp\AngularDQapp\AngularDQapp\src\app\materialdataquality\bimmaterial.service.js.map
C:\Users\revan\Downloads\AngularDQapp\AngularDQapp\AngularDQapp\src\app\materialdataquality\materialcomplete.component.js
C:\Users\revan\Downloads\AngularDQapp\AngularDQapp\AngularDQapp\src\app\materialdataquality\materialcomplete.component.js.map
C:\Users\revan\Downloads\AngularDQapp\AngularDQapp\AngularDQapp\src\app\materialdataquality\MaterialIncomplete.component.js
C:\Users\revan\Downloads\AngularDQapp\AngularDQapp\AngularDQapp\src\app\materialdataquality\MaterialIncomplete.component.js.map
C:\Users\revan\Downloads\AngularDQapp\AngularDQapp\AngularDQapp\src\app\materialdataquality\materialvalid.component.js
C:\Users\revan\Downloads\AngularDQapp\AngularDQapp\AngularDQapp\src\app\materialdataquality\materialvalid.component.js.map
C:\Users\revan\Downloads\AngularDQapp\AngularDQapp\AngularDQapp\src\app\materialdataquality\materialInvalid.component.js
C:\Users\revan\Downloads\AngularDQapp\AngularDQapp\AngularDQapp\src\app\materialdataquality\materialInvalid.component.js.map
C:\Users\revan\Downloads\AngularDQapp\AngularDQapp\AngularDQapp\src\app\materialdataquality\materialappropriate.component.js
C:\Users\revan\Downloads\AngularDQapp\AngularDQapp\AngularDQapp\src\app\materialdataquality\materialappropriate.component.js.map
C:\Users\revan\Downloads\AngularDQapp\AngularDQapp\AngularDQapp\src\app\materialdataquality\materialinappropriate.component.js
C:\Users\revan\Downloads\AngularDQapp\AngularDQapp\AngularDQapp\src\app\materialdataquality\materialinappropriate.component.js.map
C:\Users\revan\Downloads\AngularDQapp\AngularDQapp\AngularDQapp\src\app\costsdataquality\costs.js
C:\Users\revan\Downloads\AngularDQapp\AngularDQapp\AngularDQapp\src\app\costsdataquality\costs.js.map
C:\Users\revan\Downloads\AngularDQapp\AngularDQapp\AngularDQapp\src\app\costsdataquality\bimcosts.service.js
C:\Users\revan\Downloads\AngularDQapp\AngularDQapp\AngularDQapp\src\app\costsdataquality\bimcosts.service.js.map
C:\Users\revan\Downloads\AngularDQapp\AngularDQapp\AngularDQapp\src\app\costsdataquality\costscomplete.component.js
C:\Users\revan\Downloads\AngularDQapp\AngularDQapp\AngularDQapp\src\app\costsdataquality\costscomplete.component.js.map
C:\Users\revan\Downloads\AngularDQapp\AngularDQapp\AngularDQapp\src\app\costsdataquality\costsincomplete.component.js
C:\Users\revan\Downloads\AngularDQapp\AngularDQapp\AngularDQapp\src\app\costsdataquality\costsincomplete.component.js.map
C:\Users\revan\Downloads\AngularDQapp\AngularDQapp\AngularDQapp\src\app\costsdataquality\costsvalid.component.js
C:\Users\revan\Downloads\AngularDQapp\AngularDQapp\AngularDQapp\src\app\costsdataquality\costsvalid.component.js.map
C:\Users\revan\Downloads\AngularDQapp\AngularDQapp\AngularDQapp\src\app\costsdataquality\costsinvalid.component.js
C:\Users\revan\Downloads\AngularDQapp\AngularDQapp\AngularDQapp\src\app\costsdataquality\costsinvalid.component.js.map
C:\Users\revan\Downloads\AngularDQapp\AngularDQapp\AngularDQapp\src\app\costsdataquality\costsappropriate.component.js
C:\Users\revan\Downloads\AngularDQapp\AngularDQapp\AngularDQapp\src\app\costsdataquality\costsappropriate.component.js.map
C:\Users\revan\Downloads\AngularDQapp\AngularDQapp\AngularDQapp\src\app\costsdataquality\costsinappropriate.component.js
C:\Users\revan\Downloads\AngularDQapp\AngularDQapp\AngularDQapp\src\app\costsdataquality\costsinappropriate.component.js.map
C:\Users\revan\Downloads\AngularDQapp\AngularDQapp\AngularDQapp\src\app\app.routes.js
C:\Users\revan\Downloads\AngularDQapp\AngularDQapp\AngularDQapp\src\app\app.routes.js.map
C:\Users\revan\Downloads\AngularDQapp\AngularDQapp\AngularDQapp\src\app\ifcobjectType.component.js
C:\Users\revan\Downloads\AngularDQapp\AngularDQapp\AngularDQapp\src\app\ifcobjectType.component.js.map
C:\Users\revan\Downloads\AngularDQapp\AngularDQapp\AngularDQapp\src\app\ifcdataquality\dqifccheck.component.js
C:\Users\revan\Downloads\AngularDQapp\AngularDQapp\AngularDQapp\src\app\ifcdataquality\dqifccheck.component.js.map
C:\Users\revan\Downloads\AngularDQapp\AngularDQapp\AngularDQapp\src\app\dqobjectType.component.js
C:\Users\revan\Downloads\AngularDQapp\AngularDQapp\AngularDQapp\src\app\dqobjectType.component.js.map
C:\Users\revan\Downloads\AngularDQapp\AngularDQapp\AngularDQapp\src\app\materialdataquality\dqcheckmaterial.component.js
C:\Users\revan\Downloads\AngularDQapp\AngularDQapp\AngularDQapp\src\app\materialdataquality\dqcheckmaterial.component.js.map
C:\Users\revan\Downloads\AngularDQapp\AngularDQapp\AngularDQapp\src\app\costsdataquality\dqcheckcost.component.js
C:\Users\revan\Downloads\AngularDQapp\AngularDQapp\AngularDQapp\src\app\costsdataquality\dqcheckcost.component.js.map
C:\Users\revan\Downloads\AngularDQapp\AngularDQapp\AngularDQapp\src\app\app.module.js
C:\Users\revan\Downloads\AngularDQapp\AngularDQapp\AngularDQapp\src\app\app.module.js.map
C:\Users\revan\Downloads\AngularDQapp\AngularDQapp\AngularDQapp\src\main.js
C:\Users\revan\Downloads\AngularDQapp\AngularDQapp\AngularDQapp\src\main.js.map
C:\Users\revan\Downloads\AngularDQapp\AngularDQapp\AngularDQapp\src\app\app.component.spec.js
C:\Users\revan\Downloads\AngularDQapp\AngularDQapp\AngularDQapp\src\app\app.component.spec.js.map
C:\Users\revan\Downloads\AngularDQapp\AngularDQapp\AngularDQapp\src\app\app.component.js
C:\Users\revan\Downloads\AngularDQapp\AngularDQapp\AngularDQapp\src\app\app.component.js.map
C:\Users\revan\Downloads\AngularDQapp\AngularDQapp\AngularDQapp\src\app\homepage\homepage.component.js
C:\Users\revan\Downloads\AngularDQapp\AngularDQapp\AngularDQapp\src\app\homepage\homepage.component.js.map
C:\Users\revan\Downloads\AngularDQapp\AngularDQapp\AngularDQapp\src\app\checkifc\ifc.js
C:\Users\revan\Downloads\AngularDQapp\AngularDQapp\AngularDQapp\src\app\checkifc\ifc.js.map
C:\Users\revan\Downloads\AngularDQapp\AngularDQapp\AngularDQapp\src\app\checkifc\bimifc.service.js
C:\Users\revan\Downloads\AngularDQapp\AngularDQapp\AngularDQapp\src\app\checkifc\bimifc.service.js.map
C:\Users\revan\Downloads\AngularDQapp\AngularDQapp\AngularDQapp\src\app\checkifc\checkifc.component.js
C:\Users\revan\Downloads\AngularDQapp\AngularDQapp\AngularDQapp\src\app\checkifc\checkifc.component.js.map
C:\Users\revan\Downloads\AngularDQapp\AngularDQapp\AngularDQapp\src\app\checkmaterial\material.js
C:\Users\revan\Downloads\AngularDQapp\AngularDQapp\AngularDQapp\src\app\checkmaterial\material.js.map
C:\Users\revan\Downloads\AngularDQapp\AngularDQapp\AngularDQapp\src\app\checkmaterial\bim.service.js
C:\Users\revan\Downloads\AngularDQapp\AngularDQapp\AngularDQapp\src\app\checkmaterial\bim.service.js.map
C:\Users\revan\Downloads\AngularDQapp\AngularDQapp\AngularDQapp\src\app\checkmaterial\checkmaterial.component.js
C:\Users\revan\Downloads\AngularDQapp\AngularDQapp\AngularDQapp\src\app\checkmaterial\checkmaterial.component.js.map
C:\Users\revan\Downloads\AngularDQapp\AngularDQapp\AngularDQapp\src\app\checkcosts\costs.js
C:\Users\revan\Downloads\AngularDQapp\AngularDQapp\AngularDQapp\src\app\checkcosts\costs.js.map
C:\Users\revan\Downloads\AngularDQapp\AngularDQapp\AngularDQapp\src\app\checkcosts\bimcosts.service.js
C:\Users\revan\Downloads\AngularDQapp\AngularDQapp\AngularDQapp\src\app\checkcosts\bimcosts.service.js.map
C:\Users\revan\Downloads\AngularDQapp\AngularDQapp\AngularDQapp\src\app\checkcosts\checkcosts.component.js
C:\Users\revan\Downloads\AngularDQapp\AngularDQapp\AngularDQapp\src\app\checkcosts\checkcosts.component.js.map
C:\Users\revan\Downloads\AngularDQapp\AngularDQapp\AngularDQapp\src\app\ifcdataquality\ifc.js
C:\Users\revan\Downloads\AngularDQapp\AngularDQapp\AngularDQapp\src\app\ifcdataquality\ifc.js.map
C:\Users\revan\Downloads\AngularDQapp\AngularDQapp\AngularDQapp\src\app\ifcdataquality\bimifc.service.js
C:\Users\revan\Downloads\AngularDQapp\AngularDQapp\AngularDQapp\src\app\ifcdataquality\bimifc.service.js.map
C:\Users\revan\Downloads\AngularDQapp\AngularDQapp\AngularDQapp\src\app\ifcdataquality\ifccomplete.component.js
C:\Users\revan\Downloads\AngularDQapp\AngularDQapp\AngularDQapp\src\app\ifcdataquality\ifccomplete.component.js.map
C:\Users\revan\Downloads\AngularDQapp\AngularDQapp\AngularDQapp\src\app\ifcdataquality\ifcincomplete.component.js
C:\Users\revan\Downloads\AngularDQapp\AngularDQapp\AngularDQapp\src\app\ifcdataquality\ifcincomplete.component.js.map
C:\Users\revan\Downloads\AngularDQapp\AngularDQapp\AngularDQapp\src\app\ifcdataquality\ifcvalid.component.js
C:\Users\revan\Downloads\AngularDQapp\AngularDQapp\AngularDQapp\src\app\ifcdataquality\ifcvalid.component.js.map
C:\Users\revan\Downloads\AngularDQapp\AngularDQapp\AngularDQapp\src\app\ifcdataquality\Ifcinvalid.Component.js
C:\Users\revan\Downloads\AngularDQapp\AngularDQapp\AngularDQapp\src\app\ifcdataquality\Ifcinvalid.Component.js.map
C:\Users\revan\Downloads\AngularDQapp\AngularDQapp\AngularDQapp\src\app\ifcdataquality\ifcappropriate.component.js
C:\Users\revan\Downloads\AngularDQapp\AngularDQapp\AngularDQapp\src\app\ifcdataquality\ifcappropriate.component.js.map
C:\Users\revan\Downloads\AngularDQapp\AngularDQapp\AngularDQapp\src\app\ifcdataquality\ifcinappropriate.component.js
C:\Users\revan\Downloads\AngularDQapp\AngularDQapp\AngularDQapp\src\app\ifcdataquality\ifcinappropriate.component.js.map
C:\Users\revan\Downloads\AngularDQapp\AngularDQapp\AngularDQapp\src\app\materialdataquality\material.js
C:\Users\revan\Downloads\AngularDQapp\AngularDQapp\AngularDQapp\src\app\materialdataquality\material.js.map
C:\Users\revan\Downloads\AngularDQapp\AngularDQapp\AngularDQapp\src\app\materialdataquality\bimmaterial.service.js
C:\Users\revan\Downloads\AngularDQapp\AngularDQapp\AngularDQapp\src\app\materialdataquality\bimmaterial.service.js.map
C:\Users\revan\Downloads\AngularDQapp\AngularDQapp\AngularDQapp\src\app\materialdataquality\materialcomplete.component.js
C:\Users\revan\Downloads\AngularDQapp\AngularDQapp\AngularDQapp\src\app\materialdataquality\materialcomplete.component.js.map
C:\Users\revan\Downloads\AngularDQapp\AngularDQapp\AngularDQapp\src\app\materialdataquality\MaterialIncomplete.component.js
C:\Users\revan\Downloads\AngularDQapp\AngularDQapp\AngularDQapp\src\app\materialdataquality\MaterialIncomplete.component.js.map
C:\Users\revan\Downloads\AngularDQapp\AngularDQapp\AngularDQapp\src\app\materialdataquality\materialvalid.component.js
C:\Users\revan\Downloads\AngularDQapp\AngularDQapp\AngularDQapp\src\app\materialdataquality\materialvalid.component.js.map
C:\Users\revan\Downloads\AngularDQapp\AngularDQapp\AngularDQapp\src\app\materialdataquality\materialInvalid.component.js
C:\Users\revan\Downloads\AngularDQapp\AngularDQapp\AngularDQapp\src\app\materialdataquality\materialInvalid.component.js.map
C:\Users\revan\Downloads\AngularDQapp\AngularDQapp\AngularDQapp\src\app\materialdataquality\materialappropriate.component.js
C:\Users\revan\Downloads\AngularDQapp\AngularDQapp\AngularDQapp\src\app\materialdataquality\materialappropriate.component.js.map
C:\Users\revan\Downloads\AngularDQapp\AngularDQapp\AngularDQapp\src\app\materialdataquality\materialinappropriate.component.js
C:\Users\revan\Downloads\AngularDQapp\AngularDQapp\AngularDQapp\src\app\materialdataquality\materialinappropriate.component.js.map
C:\Users\revan\Downloads\AngularDQapp\AngularDQapp\AngularDQapp\src\app\costsdataquality\costs.js
C:\Users\revan\Downloads\AngularDQapp\AngularDQapp\AngularDQapp\src\app\costsdataquality\costs.js.map
C:\Users\revan\Downloads\AngularDQapp\AngularDQapp\AngularDQapp\src\app\costsdataquality\bimcosts.service.js
C:\Users\revan\Downloads\AngularDQapp\AngularDQapp\AngularDQapp\src\app\costsdataquality\bimcosts.service.js.map
C:\Users\revan\Downloads\AngularDQapp\AngularDQapp\AngularDQapp\src\app\costsdataquality\costscomplete.component.js
C:\Users\revan\Downloads\AngularDQapp\AngularDQapp\AngularDQapp\src\app\costsdataquality\costscomplete.component.js.map
C:\Users\revan\Downloads\AngularDQapp\AngularDQapp\AngularDQapp\src\app\costsdataquality\costsincomplete.component.js
C:\Users\revan\Downloads\AngularDQapp\AngularDQapp\AngularDQapp\src\app\costsdataquality\costsincomplete.component.js.map
C:\Users\revan\Downloads\AngularDQapp\AngularDQapp\AngularDQapp\src\app\costsdataquality\costsvalid.component.js
C:\Users\revan\Downloads\AngularDQapp\AngularDQapp\AngularDQapp\src\app\costsdataquality\costsvalid.component.js.map
C:\Users\revan\Downloads\AngularDQapp\AngularDQapp\AngularDQapp\src\app\costsdataquality\costsinvalid.component.js
C:\Users\revan\Downloads\AngularDQapp\AngularDQapp\AngularDQapp\src\app\costsdataquality\costsinvalid.component.js.map
C:\Users\revan\Downloads\AngularDQapp\AngularDQapp\AngularDQapp\src\app\costsdataquality\costsappropriate.component.js
C:\Users\revan\Downloads\AngularDQapp\AngularDQapp\AngularDQapp\src\app\costsdataquality\costsappropriate.component.js.map
C:\Users\revan\Downloads\AngularDQapp\AngularDQapp\AngularDQapp\src\app\costsdataquality\costsinappropriate.component.js
C:\Users\revan\Downloads\AngularDQapp\AngularDQapp\AngularDQapp\src\app\costsdataquality\costsinappropriate.component.js.map
C:\Users\revan\Downloads\AngularDQapp\AngularDQapp\AngularDQapp\src\app\app.routes.js
C:\Users\revan\Downloads\AngularDQapp\AngularDQapp\AngularDQapp\src\app\app.routes.js.map
C:\Users\revan\Downloads\AngularDQapp\AngularDQapp\AngularDQapp\src\app\ifcobjectType.component.js
C:\Users\revan\Downloads\AngularDQapp\AngularDQapp\AngularDQapp\src\app\ifcobjectType.component.js.map
C:\Users\revan\Downloads\AngularDQapp\AngularDQapp\AngularDQapp\src\app\ifcdataquality\dqifccheck.component.js
C:\Users\revan\Downloads\AngularDQapp\AngularDQapp\AngularDQapp\src\app\ifcdataquality\dqifccheck.component.js.map
C:\Users\revan\Downloads\AngularDQapp\AngularDQapp\AngularDQapp\src\app\dqobjectType.component.js
C:\Users\revan\Downloads\AngularDQapp\AngularDQapp\AngularDQapp\src\app\dqobjectType.component.js.map
C:\Users\revan\Downloads\AngularDQapp\AngularDQapp\AngularDQapp\src\app\materialdataquality\dqcheckmaterial.component.js
C:\Users\revan\Downloads\AngularDQapp\AngularDQapp\AngularDQapp\src\app\materialdataquality\dqcheckmaterial.component.js.map
C:\Users\revan\Downloads\AngularDQapp\AngularDQapp\AngularDQapp\src\app\costsdataquality\dqcheckcost.component.js
C:\Users\revan\Downloads\AngularDQapp\AngularDQapp\AngularDQapp\src\app\costsdataquality\dqcheckcost.component.js.map
C:\Users\revan\Downloads\AngularDQapp\AngularDQapp\AngularDQapp\src\app\app.module.js
C:\Users\revan\Downloads\AngularDQapp\AngularDQapp\AngularDQapp\src\app\app.module.js.map
C:\Users\revan\Downloads\AngularDQapp\AngularDQapp\AngularDQapp\src\main.js
C:\Users\revan\Downloads\AngularDQapp\AngularDQapp\AngularDQapp\src\main.js.map
C:\Users\revan\Downloads\AngularDQapp\AngularDQapp\AngularDQapp\src\app\app.component.spec.js
C:\Users\revan\Downloads\AngularDQapp\AngularDQapp\AngularDQapp\src\app\app.component.spec.js.map
